[debug] [2018-07-23T00:14:28.817Z] ----------------------------------------------------------------------
[debug] [2018-07-23T00:14:28.819Z] Command:       /usr/local/bin/node /usr/local/bin/firebase serve
[debug] [2018-07-23T00:14:28.819Z] CLI Version:   3.19.3
[debug] [2018-07-23T00:14:28.819Z] Platform:      darwin
[debug] [2018-07-23T00:14:28.819Z] Node Version:  v8.11.2
[debug] [2018-07-23T00:14:28.820Z] Time:          Sun Jul 22 2018 17:14:28 GMT-0700 (PDT)
[debug] [2018-07-23T00:14:28.820Z] ----------------------------------------------------------------------
[debug] 
[debug] [2018-07-23T00:14:28.830Z] > command requires scopes: ["email","openid","https://www.googleapis.com/auth/cloudplatformprojects.readonly","https://www.googleapis.com/auth/firebase","https://www.googleapis.com/auth/cloud-platform"]
[debug] [2018-07-23T00:14:28.830Z] > authorizing via signed-in user
[debug] [2018-07-23T00:14:28.833Z] > refreshing access token with scopes: ["email","https://www.googleapis.com/auth/cloud-platform","https://www.googleapis.com/auth/cloudplatformprojects.readonly","https://www.googleapis.com/auth/firebase","openid"]
[debug] [2018-07-23T00:14:28.833Z] >>> HTTP REQUEST POST https://www.googleapis.com/oauth2/v3/token  
 { refresh_token: '1/IM8O_dITMjvPVhlRqn2NXRAN9G9LjUSvLe8zt0_QJb8',
  client_id: '563584335869-fgrhgmd47bqnekij5i8b5pr03ho849e6.apps.googleusercontent.com',
  client_secret: 'j9iVZfS8kkCEFUPaAeJV0sAi',
  grant_type: 'refresh_token',
  scope: 'email https://www.googleapis.com/auth/cloud-platform https://www.googleapis.com/auth/cloudplatformprojects.readonly https://www.googleapis.com/auth/firebase openid' } 
 Sun Jul 22 2018 17:14:28 GMT-0700 (PDT)
[debug] [2018-07-23T00:14:29.075Z] <<< HTTP RESPONSE 200
[debug] [2018-07-23T00:14:29.084Z] >>> HTTP REQUEST GET https://admin.firebase.com/v1/projects/cartoon-food-website  
  
 Sun Jul 22 2018 17:14:29 GMT-0700 (PDT)
[debug] [2018-07-23T00:14:29.551Z] <<< HTTP RESPONSE 200
[debug] [2018-07-23T00:14:29.551Z] >>> HTTP REQUEST GET https://admin.firebase.com/v1/database/cartoon-food-website/tokens  
  
 Sun Jul 22 2018 17:14:29 GMT-0700 (PDT)
[debug] [2018-07-23T00:14:29.979Z] <<< HTTP RESPONSE 200
[debug] [2018-07-23T00:14:29.980Z] >>> HTTP REQUEST GET https://cloudresourcemanager.googleapis.com/v1/projects/cartoon-food-website  
  
 Sun Jul 22 2018 17:14:29 GMT-0700 (PDT)
[debug] [2018-07-23T00:14:30.471Z] <<< HTTP RESPONSE 200
[info] 
[info] === Serving from '/Users/studiomacpro/Desktop/my-code/cartoonfood'...
[info] 
[debug] [2018-07-23T00:14:30.472Z] >>> HTTP REQUEST GET https://mobilesdk-pa.googleapis.com/v1/projects/946637767561/clients/_:getWebAppConfig  
  
 Sun Jul 22 2018 17:14:30 GMT-0700 (PDT)
[debug] [2018-07-23T00:14:31.086Z] <<< HTTP RESPONSE 200
[info] i  hosting: Serving hosting files from: public
[info] ✔  hosting: Local server: http://localhost:5000

